<?xml version="1.0" encoding="UTF-8"?>
<!-- Generated by org.testng.reporters.JUnitReportReporter -->
<testsuite hostname="SISTE375" failures="0" tests="1" name="quality.stream.code.examples.CheckDownloadedFile" time="0.672" errors="0" timestamp="2022-06-30T12:07:35 COT" skipped="0">
  <testcase classname="quality.stream.code.examples.CheckDownloadedFile" name="checkDownloadedFile" time="0.672"/>
  <system-out/>
</testsuite> <!-- quality.stream.code.examples.CheckDownloadedFile -->
