<?xml version="1.0" encoding="UTF-8"?>
<!-- Generated by org.testng.reporters.JUnitReportReporter -->
<testsuite hostname="SISTE375" failures="0" tests="2" name="com.qualitystream.testng.TestNGDataProviderExample" time="159.840" errors="0" timestamp="2022-06-28T10:19:54 COT" skipped="0">
  <testcase classname="com.qualitystream.testng.TestNGDataProviderExample" name="login" time="43.071"/>
  <system-out/>
  <testcase classname="com.qualitystream.testng.TestNGDataProviderExample" name="login" time="116.769"/>
  <system-out/>
</testsuite> <!-- com.qualitystream.testng.TestNGDataProviderExample -->
