<?xml version="1.0" encoding="UTF-8"?>
<!-- Generated by org.testng.reporters.JUnitReportReporter -->
<testsuite hostname="SISTE375" failures="0" tests="3" name="com.qualitystream.testng.CrossBrowserTesting" time="24.308" errors="0" timestamp="2022-06-28T15:10:46 COT" skipped="0">
  <testcase classname="com.qualitystream.testng.CrossBrowserTesting" name="googleSearch" time="0.738"/>
  <system-out/>
  <testcase classname="com.qualitystream.testng.CrossBrowserTesting" name="googleSearch" time="21.831"/>
  <system-out/>
  <testcase classname="com.qualitystream.testng.CrossBrowserTesting" name="googleSearch" time="1.739"/>
  <system-out/>
</testsuite> <!-- com.qualitystream.testng.CrossBrowserTesting -->
