<?xml version="1.0" encoding="UTF-8"?>
<!-- Generated by org.testng.reporters.JUnitReportReporter -->
<testsuite hostname="SISTE375" failures="0" tests="1" name="com.reportsExample.qs.SearchChiffonDresses" time="4.612" errors="0" timestamp="2022-06-29T11:35:23 COT" skipped="0">
  <testcase classname="com.reportsExample.qs.SearchChiffonDresses" name="search_ChiffonDresses" time="4.612"/>
  <system-out/>
</testsuite> <!-- com.reportsExample.qs.SearchChiffonDresses -->
