<?xml version="1.0" encoding="UTF-8"?>
<!-- Generated by org.testng.reporters.JUnitReportReporter -->
<testsuite hostname="SISTE375" failures="0" tests="1" name="com.reportsExample.qs.SearchBlouses" time="67.869" errors="0" timestamp="2022-06-29T11:35:23 COT" skipped="0">
  <testcase classname="com.reportsExample.qs.SearchBlouses" name="search_Blouses" time="67.869"/>
  <system-out/>
</testsuite> <!-- com.reportsExample.qs.SearchBlouses -->
