<?xml version="1.0" encoding="UTF-8"?>
<!-- Generated by org.testng.reporters.JUnitReportReporter -->
<testsuite hostname="SISTE375" failures="0" tests="1" name="com.qualitystream.testng.TestNGExample" time="36.852" errors="0" timestamp="2022-06-28T07:57:11 COT" skipped="0">
  <testcase classname="com.qualitystream.testng.TestNGExample" name="search_Blouses" time="36.852"/>
  <system-out/>
</testsuite> <!-- com.qualitystream.testng.TestNGExample -->
