<?xml version="1.0" encoding="UTF-8"?>
<!-- Generated by org.testng.reporters.JUnitReportReporter -->
<testsuite hostname="SISTE375" failures="0" tests="1" name="quality.stream.code.examples.Download_File" time="3.875" errors="0" timestamp="2022-06-30T11:37:49 COT" skipped="0">
  <testcase classname="quality.stream.code.examples.Download_File" name="downloadFile" time="3.875"/>
  <system-out/>
</testsuite> <!-- quality.stream.code.examples.Download_File -->
